<?xml version="1.0" encoding="UTF-8"?>
<testsuite name="ru.stqa.pft.addressbook.tests.group_tests.GroupModificationTests" tests="1" skipped="0" failures="0" errors="0" timestamp="2021-12-05T17:17:40" hostname="OLEGK-PC" time="6.26">
  <properties/>
  <testcase name="testGroupModification" classname="ru.stqa.pft.addressbook.tests.group_tests.GroupModificationTests" time="6.26"/>
  <system-out><![CDATA[]]></system-out>
  <system-err><![CDATA[SLF4J: Failed to load class "org.slf4j.impl.StaticLoggerBinder".
SLF4J: Defaulting to no-operation (NOP) logger implementation
SLF4J: See http://www.slf4j.org/codes.html#StaticLoggerBinder for further details.
1638724660910	geckodriver	INFO	Listening on 127.0.0.1:64866
1638724661214	mozrunner::runner	INFO	Running command: "C:\\Program Files\\Mozilla Firefox\\firefox.exe" "--marionette" "--remote-debugging-port" "51149" "-no-remote" "-profile" "C:\\Users\\oleg.k\\AppData\\Local\\Temp\\rust_mozprofile3F1FXo"
1638724661565	Marionette	INFO	Marionette enabled
console.warn: SearchSettings: "get: No settings file exists, new profile?" (new NotFoundError("Could not open the file at C:\\Users\\oleg.k\\AppData\\Local\\Temp\\rust_mozprofile3F1FXo\\search.json.mozlz4", (void 0)))
DevTools listening on ws://localhost:51149/devtools/browser/e9b28fbc-b57e-45d1-950e-cbd80fa36264
1638724663650	Marionette	INFO	Listening on port 64775
1638724663889	RemoteAgent	WARN	TLS certificate errors will be ignored for this session
Dec 05, 2021 8:17:43 PM org.openqa.selenium.remote.ProtocolHandshake createSession
INFO: Detected dialect: W3C
1638724665891	Marionette	INFO	Stopped listening on port 64775
JavaScript error: resource:///modules/Interactions.jsm, line 209: NS_ERROR_FAILURE: Component returned failure code: 0x80004005 (NS_ERROR_FAILURE) [nsIUserIdleService.removeIdleObserver]
!!! error running onStopped callback: TypeError: callback is not a function
1638724666363	RemoteAgent	ERROR	unable to stop listener: [Exception... "Component returned failure code: 0x8000ffff (NS_ERROR_UNEXPECTED) [nsIWindowMediator.getEnumerator]"  nsresult: "0x8000ffff (NS_ERROR_UNEXPECTED)"  location: "JS frame :: chrome://remote/content/cdp/observers/TargetObserver.jsm :: stop :: line 64"  data: no] Stack trace: stop()@TargetObserver.jsm:64
unwatchForTabs()@TargetList.jsm:70
unwatchForTargets()@TargetList.jsm:37
destructor()@TargetList.jsm:109
stop()@CDP.jsm:104
close()@RemoteAgent.jsm:138
]]></system-err>
</testsuite>
